正在加载配置...
配置文件加载成功: config/config.yaml
通知渠道配置来源: 飞书(环境变量), 钉钉(配置文件), 企业微信(配置文件), Telegram(配置文件/配置文件), ntfy(配置文件), Bark(配置文件), Slack(配置文件)
TrendRadar v3.4.1 配置加载完成
监控平台数量: 34
GitHub Actions环境，不使用代理
当前版本: 3.4.1, 远程版本: 3.4.1
版本检查完成，当前为最新版本
当前北京时间: 2025-12-02 18:55:26
通知功能已启用，将发送通知
报告模式: current
运行模式: 当前榜单模式（当前榜单匹配新闻 + 新增新闻区域 + 按时推送）
配置的监控平台: ['华尔街见闻', '华尔街快讯', '华尔街最新', '财联社热门', '财联社电报', '财联社深度', '金十数据', '参考消息', '联合早报', '澎湃新闻', '快讯通', '卫星通讯社', '格隆汇', '雪球', 'IT之家', 'Solidot', 'Hacker News', 'GitHub趋势', '掘金', 'V2EX', 'ProductHunt', '百度热搜', '今日头条', '腾讯新闻', '凤凰网', 'MKT新闻', '靠谱新闻', '虫部落', '知乎热榜', 'B站热搜', '抖音', '微博', '贴吧', '虎扑']
开始爬取数据，请求间隔 1800 毫秒
获取 wallstreetcn-hot 成功（最新数据）
获取 wallstreetcn-quick 成功（缓存数据）
获取 wallstreetcn-news 成功（最新数据）
获取 cls-hot 成功（缓存数据）
获取 cls-telegraph 成功（缓存数据）
获取 cls-depth 成功（缓存数据）
获取 jin10 成功（缓存数据）
获取 cankaoxiaoxi 成功（最新数据）
获取 zaobao 成功（最新数据）
获取 thepaper 成功（最新数据）
获取 fastbull 成功（缓存数据）
获取 sputniknewscn 成功（缓存数据）
获取 gelonghui 成功（缓存数据）
获取 xueqiu 成功（缓存数据）
获取 ithome 成功（缓存数据）
获取 solidot 成功（最新数据）
获取 hackernews 成功（缓存数据）
获取 github 成功（缓存数据）
获取 juejin 成功（缓存数据）
获取 v2ex 成功（缓存数据）
获取 producthunt 成功（缓存数据）
获取 baidu 成功（缓存数据）
获取 toutiao 成功（缓存数据）
获取 tencent-hot 成功（最新数据）
获取 ifeng 成功（缓存数据）
获取 mktnews 成功（最新数据）
获取 kaopu 成功（最新数据）
获取 chongbuluo 成功（最新数据）
获取 zhihu 成功（缓存数据）
获取 bilibili-hot-search 成功（缓存数据）
获取 douyin 成功（最新数据）
获取 weibo 成功（缓存数据）
获取 tieba 成功（缓存数据）
获取 hupu 成功（缓存数据）
成功: ['wallstreetcn-hot', 'wallstreetcn-quick', 'wallstreetcn-news', 'cls-hot', 'cls-telegraph', 'cls-depth', 'jin10', 'cankaoxiaoxi', 'zaobao', 'thepaper', 'fastbull', 'sputniknewscn', 'gelonghui', 'xueqiu', 'ithome', 'solidot', 'hackernews', 'github', 'juejin', 'v2ex', 'producthunt', 'baidu', 'toutiao', 'tencent-hot', 'ifeng', 'mktnews', 'kaopu', 'chongbuluo', 'zhihu', 'bilibili-hot-search', 'douyin', 'weibo', 'tieba', 'hupu'], 失败: []
标题已保存到: output/2025年12月02日/txt/18时56分.txt
当前监控平台: ['wallstreetcn-hot', 'wallstreetcn-quick', 'wallstreetcn-news', 'cls-hot', 'cls-telegraph', 'cls-depth', 'jin10', 'cankaoxiaoxi', 'zaobao', 'thepaper', 'fastbull', 'sputniknewscn', 'gelonghui', 'xueqiu', 'ithome', 'solidot', 'hackernews', 'github', 'juejin', 'v2ex', 'producthunt', 'baidu', 'toutiao', 'tencent-hot', 'ifeng', 'mktnews', 'kaopu', 'chongbuluo', 'zhihu', 'bilibili-hot-search', 'douyin', 'weibo', 'tieba', 'hupu']
读取到 2065 个标题（已按当前监控平台过滤）
current模式：使用过滤后的历史数据，包含平台：['wallstreetcn-hot', 'cls-hot', 'jin10', 'thepaper', 'cankaoxiaoxi', 'ithome', 'weibo', 'zhihu', 'wallstreetcn-quick', 'wallstreetcn-news', 'cls-telegraph', 'cls-depth', 'fastbull', 'gelonghui', 'xueqiu', 'ifeng', 'sputniknewscn', 'zaobao', 'solidot', 'hackernews', 'github', 'juejin', 'v2ex', 'producthunt', 'bilibili-hot-search', 'douyin', 'tieba', 'hupu', 'toutiao', 'baidu', 'tencent-hot', 'kaopu', 'chongbuluo']
当前榜单模式：最新时间 18时56分，筛选出 805 条当前榜单新闻
当前榜单模式：805 条当前榜单新闻中有 266 条频率词匹配
HTML报告已生成: output/2025年12月02日/html/18时56分.html
飞书消息分为 2 批次发送 [实时当前榜单]
发送飞书第 1/2 批次，大小：34884 字节 [实时当前榜单]
飞书第 1/2 批次发送成功 [实时当前榜单]
发送飞书第 2/2 批次，大小：10077 字节 [实时当前榜单]
飞书第 2/2 批次发送成功 [实时当前榜单]
飞书所有 2 批次发送完成 [实时当前榜单]
钉钉消息分为 2 批次发送 [实时当前榜单]
发送钉钉第 1/2 批次，大小：19850 字节 [实时当前榜单]
钉钉第 1/2 批次发送出错 [实时当前榜单]：Invalid URL '${{ secrets.DINGTALK_WEBHOOK_URL }}': No scheme supplied. Perhaps you meant https://${{ secrets.DINGTALK_WEBHOOK_URL }}?
企业微信使用 markdown 格式（群机器人模式）[实时当前榜单]
企业微信消息分为 8 批次发送 [实时当前榜单]
发送企业微信第 1/8 批次，大小：4380 字节 [实时当前榜单]
企业微信第 1/8 批次发送出错 [实时当前榜单]：Invalid URL '${{ secrets.WEWORK_WEBHOOK_URL }}': No scheme supplied. Perhaps you meant https://${{ secrets.WEWORK_WEBHOOK_URL }}?
Telegram消息分为 9 批次发送 [实时当前榜单]
发送Telegram第 1/9 批次，大小：4940 字节 [实时当前榜单]
Telegram第 1/9 批次发送失败 [实时当前榜单]，状态码：404
ntfy消息分为 9 批次发送 [实时当前榜单]
ntfy将按反向顺序推送（最后批次先推送），确保客户端显示顺序正确
发送ntfy第 9/9 批次（推送顺序: 1/9），大小：2482 字节 [实时当前榜单]
ntfy第 9/9 批次发送失败 [实时当前榜单]，状态码：401
错误详情：{"code":40101,"http":401,"error":"unauthorized","link":"https://ntfy.sh/docs/publish/#authentication"}

发送ntfy第 8/9 批次（推送顺序: 2/9），大小：3734 字节 [实时当前榜单]
ntfy第 8/9 批次发送失败 [实时当前榜单]，状态码：401
错误详情：{"code":40101,"http":401,"error":"unauthorized","link":"https://ntfy.sh/docs/publish/#authentication"}

发送ntfy第 7/9 批次（推送顺序: 3/9），大小：3792 字节 [实时当前榜单]
ntfy第 7/9 批次发送失败 [实时当前榜单]，状态码：401
错误详情：{"code":40101,"http":401,"error":"unauthorized","link":"https://ntfy.sh/docs/publish/#authentication"}

发送ntfy第 6/9 批次（推送顺序: 4/9），大小：3364 字节 [实时当前榜单]
ntfy第 6/9 批次发送失败 [实时当前榜单]，状态码：401
错误详情：{"code":40101,"http":401,"error":"unauthorized","link":"https://ntfy.sh/docs/publish/#authentication"}

发送ntfy第 5/9 批次（推送顺序: 5/9），大小：3676 字节 [实时当前榜单]
ntfy第 5/9 批次发送失败 [实时当前榜单]，状态码：401
错误详情：{"code":40101,"http":401,"error":"unauthorized","link":"https://ntfy.sh/docs/publish/#authentication"}

发送ntfy第 4/9 批次（推送顺序: 6/9），大小：3626 字节 [实时当前榜单]
ntfy第 4/9 批次发送失败 [实时当前榜单]，状态码：401
错误详情：{"code":40101,"http":401,"error":"unauthorized","link":"https://ntfy.sh/docs/publish/#authentication"}

发送ntfy第 3/9 批次（推送顺序: 7/9），大小：3584 字节 [实时当前榜单]
ntfy第 3/9 批次发送失败 [实时当前榜单]，状态码：401
错误详情：{"code":40101,"http":401,"error":"unauthorized","link":"https://ntfy.sh/docs/publish/#authentication"}

发送ntfy第 2/9 批次（推送顺序: 8/9），大小：3790 字节 [实时当前榜单]
ntfy第 2/9 批次发送失败 [实时当前榜单]，状态码：401
错误详情：{"code":40101,"http":401,"error":"unauthorized","link":"https://ntfy.sh/docs/publish/#authentication"}

发送ntfy第 1/9 批次（推送顺序: 9/9），大小：3777 字节 [实时当前榜单]
ntfy第 1/9 批次发送失败 [实时当前榜单]，状态码：401
错误详情：{"code":40101,"http":401,"error":"unauthorized","link":"https://ntfy.sh/docs/publish/#authentication"}

ntfy发送完全失败 [实时当前榜单]
Bark消息分为 10 批次发送 [实时当前榜单]
Bark将按反向顺序推送（最后批次先推送），确保客户端显示顺序正确
发送Bark第 10/10 批次（推送顺序: 1/10），大小：1515 字节 [实时当前榜单]
Bark第 10/10 批次发送异常 [实时当前榜单]：No connection adapters were found for ':///push'
发送Bark第 9/10 批次（推送顺序: 2/10），大小：3420 字节 [实时当前榜单]
Bark第 9/10 批次发送异常 [实时当前榜单]：No connection adapters were found for ':///push'
发送Bark第 8/10 批次（推送顺序: 3/10），大小：3586 字节 [实时当前榜单]
Bark第 8/10 批次发送异常 [实时当前榜单]：No connection adapters were found for ':///push'
发送Bark第 7/10 批次（推送顺序: 4/10），大小：3526 字节 [实时当前榜单]
Bark第 7/10 批次发送异常 [实时当前榜单]：No connection adapters were found for ':///push'
发送Bark第 6/10 批次（推送顺序: 5/10），大小：3461 字节 [实时当前榜单]
Bark第 6/10 批次发送异常 [实时当前榜单]：No connection adapters were found for ':///push'
发送Bark第 5/10 批次（推送顺序: 6/10），大小：3519 字节 [实时当前榜单]
Bark第 5/10 批次发送异常 [实时当前榜单]：No connection adapters were found for ':///push'
发送Bark第 4/10 批次（推送顺序: 7/10），大小：3407 字节 [实时当前榜单]
Bark第 4/10 批次发送异常 [实时当前榜单]：No connection adapters were found for ':///push'
发送Bark第 3/10 批次（推送顺序: 8/10），大小：3460 字节 [实时当前榜单]
Bark第 3/10 批次发送异常 [实时当前榜单]：No connection adapters were found for ':///push'
发送Bark第 2/10 批次（推送顺序: 9/10），大小：3135 字节 [实时当前榜单]
Bark第 2/10 批次发送异常 [实时当前榜单]：No connection adapters were found for ':///push'
发送Bark第 1/10 批次（推送顺序: 10/10），大小：3532 字节 [实时当前榜单]
Bark第 1/10 批次发送异常 [实时当前榜单]：No connection adapters were found for ':///push'
Bark发送完全失败 [实时当前榜单]
Slack消息分为 10 批次发送 [实时当前榜单]
发送Slack第 1/10 批次，大小：3932 字节 [实时当前榜单]
Slack第 1/10 批次发送出错 [实时当前榜单]：Invalid URL '${{ secrets.SLACK_WEBHOOK_URL }}': No scheme supplied. Perhaps you meant https://${{ secrets.SLACK_WEBHOOK_URL }}?
生成当前榜单汇总HTML...
当前监控平台: ['wallstreetcn-hot', 'wallstreetcn-quick', 'wallstreetcn-news', 'cls-hot', 'cls-telegraph', 'cls-depth', 'jin10', 'cankaoxiaoxi', 'zaobao', 'thepaper', 'fastbull', 'sputniknewscn', 'gelonghui', 'xueqiu', 'ithome', 'solidot', 'hackernews', 'github', 'juejin', 'v2ex', 'producthunt', 'baidu', 'toutiao', 'tencent-hot', 'ifeng', 'mktnews', 'kaopu', 'chongbuluo', 'zhihu', 'bilibili-hot-search', 'douyin', 'weibo', 'tieba', 'hupu']
读取到 2065 个标题（已按当前监控平台过滤）
当前榜单模式：最新时间 18时56分，筛选出 805 条当前榜单新闻
当前榜单模式：805 条当前榜单新闻中有 266 条频率词匹配
当前榜单汇总HTML已生成: output/2025年12月02日/html/当前榜单汇总.html
