正在加载配置...
配置文件加载成功: config/config.yaml
通知渠道配置来源: 飞书(环境变量), 钉钉(配置文件), 企业微信(配置文件), Telegram(配置文件/配置文件), ntfy(配置文件), Bark(配置文件), Slack(配置文件)
TrendRadar v3.4.1 配置加载完成
监控平台数量: 34
GitHub Actions环境，不使用代理
当前版本: 3.4.1, 远程版本: 3.4.1
版本检查完成，当前为最新版本
当前北京时间: 2025-12-02 19:34:38
通知功能已启用，将发送通知
报告模式: daily
运行模式: 当日汇总模式（所有匹配新闻 + 新增新闻区域 + 按时推送）
配置的监控平台: ['华尔街见闻', '华尔街快讯', '华尔街最新', '财联社热门', '财联社电报', '财联社深度', '金十数据', '参考消息', '联合早报', '澎湃新闻', '快讯通', '卫星通讯社', '格隆汇', '雪球', 'IT之家', 'Solidot', 'Hacker News', 'GitHub趋势', '掘金', 'V2EX', 'ProductHunt', '百度热搜', '今日头条', '腾讯新闻', '凤凰网', 'MKT新闻', '靠谱新闻', '虫部落', '知乎热榜', 'B站热搜', '抖音', '微博', '贴吧', '虎扑']
开始爬取数据，请求间隔 1800 毫秒
获取 wallstreetcn-hot 成功（最新数据）
获取 wallstreetcn-quick 成功（最新数据）
获取 wallstreetcn-news 成功（最新数据）
获取 cls-hot 成功（最新数据）
获取 cls-telegraph 成功（缓存数据）
获取 cls-depth 成功（最新数据）
获取 jin10 成功（最新数据）
获取 cankaoxiaoxi 成功（最新数据）
获取 zaobao 成功（最新数据）
获取 thepaper 成功（最新数据）
获取 fastbull 成功（缓存数据）
获取 sputniknewscn 成功（最新数据）
获取 gelonghui 成功（缓存数据）
获取 xueqiu 成功（缓存数据）
获取 ithome 成功（最新数据）
获取 solidot 成功（最新数据）
获取 hackernews 成功（最新数据）
获取 github 成功（最新数据）
获取 juejin 成功（最新数据）
获取 v2ex 成功（最新数据）
获取 producthunt 成功（最新数据）
获取 baidu 成功（缓存数据）
获取 toutiao 成功（缓存数据）
获取 tencent-hot 成功（最新数据）
获取 ifeng 成功（最新数据）
获取 mktnews 成功（最新数据）
获取 kaopu 成功（最新数据）
获取 chongbuluo 成功（最新数据）
获取 zhihu 成功（缓存数据）
获取 bilibili-hot-search 成功（缓存数据）
获取 douyin 成功（缓存数据）
获取 weibo 成功（缓存数据）
获取 tieba 成功（缓存数据）
获取 hupu 成功（缓存数据）
成功: ['wallstreetcn-hot', 'wallstreetcn-quick', 'wallstreetcn-news', 'cls-hot', 'cls-telegraph', 'cls-depth', 'jin10', 'cankaoxiaoxi', 'zaobao', 'thepaper', 'fastbull', 'sputniknewscn', 'gelonghui', 'xueqiu', 'ithome', 'solidot', 'hackernews', 'github', 'juejin', 'v2ex', 'producthunt', 'baidu', 'toutiao', 'tencent-hot', 'ifeng', 'mktnews', 'kaopu', 'chongbuluo', 'zhihu', 'bilibili-hot-search', 'douyin', 'weibo', 'tieba', 'hupu'], 失败: []
标题已保存到: output/2025年12月02日/txt/19时35分.txt
当日汇总模式：处理 811 条新闻，模式：频率词过滤
HTML报告已生成: output/2025年12月02日/html/19时35分.html
生成当日汇总报告...
当前监控平台: ['wallstreetcn-hot', 'wallstreetcn-quick', 'wallstreetcn-news', 'cls-hot', 'cls-telegraph', 'cls-depth', 'jin10', 'cankaoxiaoxi', 'zaobao', 'thepaper', 'fastbull', 'sputniknewscn', 'gelonghui', 'xueqiu', 'ithome', 'solidot', 'hackernews', 'github', 'juejin', 'v2ex', 'producthunt', 'baidu', 'toutiao', 'tencent-hot', 'ifeng', 'mktnews', 'kaopu', 'chongbuluo', 'zhihu', 'bilibili-hot-search', 'douyin', 'weibo', 'tieba', 'hupu']
读取到 2276 个标题（已按当前监控平台过滤）
当日汇总模式：处理 2276 条新闻，模式：频率词过滤
当日汇总报告已生成: output/2025年12月02日/html/当日汇总.html
飞书消息分为 2 批次发送 [当日汇总]
发送飞书第 1/2 批次，大小：34955 字节 [当日汇总]
飞书第 1/2 批次发送成功 [当日汇总]
发送飞书第 2/2 批次，大小：2915 字节 [当日汇总]
飞书第 2/2 批次发送成功 [当日汇总]
飞书所有 2 批次发送完成 [当日汇总]
钉钉消息分为 2 批次发送 [当日汇总]
发送钉钉第 1/2 批次，大小：19801 字节 [当日汇总]
钉钉第 1/2 批次发送出错 [当日汇总]：Invalid URL '${{ secrets.DINGTALK_WEBHOOK_URL }}': No scheme supplied. Perhaps you meant https://${{ secrets.DINGTALK_WEBHOOK_URL }}?
企业微信使用 markdown 格式（群机器人模式）[当日汇总]
企业微信消息分为 6 批次发送 [当日汇总]
发送企业微信第 1/6 批次，大小：4959 字节 [当日汇总]
企业微信第 1/6 批次发送出错 [当日汇总]：Invalid URL '${{ secrets.WEWORK_WEBHOOK_URL }}': No scheme supplied. Perhaps you meant https://${{ secrets.WEWORK_WEBHOOK_URL }}?
Telegram消息分为 7 批次发送 [当日汇总]
发送Telegram第 1/7 批次，大小：4859 字节 [当日汇总]
Telegram第 1/7 批次发送失败 [当日汇总]，状态码：404
ntfy消息分为 8 批次发送 [当日汇总]
ntfy将按反向顺序推送（最后批次先推送），确保客户端显示顺序正确
发送ntfy第 8/8 批次（推送顺序: 1/8），大小：1793 字节 [当日汇总]
ntfy第 8/8 批次发送失败 [当日汇总]，状态码：401
错误详情：{"code":40101,"http":401,"error":"unauthorized","link":"https://ntfy.sh/docs/publish/#authentication"}

发送ntfy第 7/8 批次（推送顺序: 2/8），大小：3769 字节 [当日汇总]
ntfy第 7/8 批次发送失败 [当日汇总]，状态码：401
错误详情：{"code":40101,"http":401,"error":"unauthorized","link":"https://ntfy.sh/docs/publish/#authentication"}

发送ntfy第 6/8 批次（推送顺序: 3/8），大小：3601 字节 [当日汇总]
ntfy第 6/8 批次发送失败 [当日汇总]，状态码：401
错误详情：{"code":40101,"http":401,"error":"unauthorized","link":"https://ntfy.sh/docs/publish/#authentication"}

发送ntfy第 5/8 批次（推送顺序: 4/8），大小：3765 字节 [当日汇总]
ntfy第 5/8 批次发送失败 [当日汇总]，状态码：401
错误详情：{"code":40101,"http":401,"error":"unauthorized","link":"https://ntfy.sh/docs/publish/#authentication"}

发送ntfy第 4/8 批次（推送顺序: 5/8），大小：3789 字节 [当日汇总]
ntfy第 4/8 批次发送失败 [当日汇总]，状态码：401
错误详情：{"code":40101,"http":401,"error":"unauthorized","link":"https://ntfy.sh/docs/publish/#authentication"}

发送ntfy第 3/8 批次（推送顺序: 6/8），大小：3697 字节 [当日汇总]
ntfy第 3/8 批次发送失败 [当日汇总]，状态码：401
错误详情：{"code":40101,"http":401,"error":"unauthorized","link":"https://ntfy.sh/docs/publish/#authentication"}

发送ntfy第 2/8 批次（推送顺序: 7/8），大小：3624 字节 [当日汇总]
ntfy第 2/8 批次发送失败 [当日汇总]，状态码：401
错误详情：{"code":40101,"http":401,"error":"unauthorized","link":"https://ntfy.sh/docs/publish/#authentication"}

发送ntfy第 1/8 批次（推送顺序: 8/8），大小：3725 字节 [当日汇总]
ntfy第 1/8 批次发送失败 [当日汇总]，状态码：401
错误详情：{"code":40101,"http":401,"error":"unauthorized","link":"https://ntfy.sh/docs/publish/#authentication"}

ntfy发送完全失败 [当日汇总]
Bark消息分为 8 批次发送 [当日汇总]
Bark将按反向顺序推送（最后批次先推送），确保客户端显示顺序正确
发送Bark第 8/8 批次（推送顺序: 1/8），大小：3390 字节 [当日汇总]
Bark第 8/8 批次发送异常 [当日汇总]：No connection adapters were found for ':///push'
发送Bark第 7/8 批次（推送顺序: 2/8），大小：3447 字节 [当日汇总]
Bark第 7/8 批次发送异常 [当日汇总]：No connection adapters were found for ':///push'
发送Bark第 6/8 批次（推送顺序: 3/8），大小：3573 字节 [当日汇总]
Bark第 6/8 批次发送异常 [当日汇总]：No connection adapters were found for ':///push'
发送Bark第 5/8 批次（推送顺序: 4/8），大小：3507 字节 [当日汇总]
Bark第 5/8 批次发送异常 [当日汇总]：No connection adapters were found for ':///push'
发送Bark第 4/8 批次（推送顺序: 5/8），大小：3505 字节 [当日汇总]
Bark第 4/8 批次发送异常 [当日汇总]：No connection adapters were found for ':///push'
发送Bark第 3/8 批次（推送顺序: 6/8），大小：3541 字节 [当日汇总]
Bark第 3/8 批次发送异常 [当日汇总]：No connection adapters were found for ':///push'
发送Bark第 2/8 批次（推送顺序: 7/8），大小：3576 字节 [当日汇总]
Bark第 2/8 批次发送异常 [当日汇总]：No connection adapters were found for ':///push'
发送Bark第 1/8 批次（推送顺序: 8/8），大小：3489 字节 [当日汇总]
Bark第 1/8 批次发送异常 [当日汇总]：No connection adapters were found for ':///push'
Bark发送完全失败 [当日汇总]
Slack消息分为 8 批次发送 [当日汇总]
发送Slack第 1/8 批次，大小：3885 字节 [当日汇总]
Slack第 1/8 批次发送出错 [当日汇总]：Invalid URL '${{ secrets.SLACK_WEBHOOK_URL }}': No scheme supplied. Perhaps you meant https://${{ secrets.SLACK_WEBHOOK_URL }}?
正在加载配置...
配置文件加载成功: config/config.yaml
通知渠道配置来源: 飞书(环境变量), 钉钉(配置文件), 企业微信(配置文件), Telegram(配置文件/配置文件), ntfy(配置文件), Bark(配置文件), Slack(配置文件)
TrendRadar v3.4.1 配置加载完成
监控平台数量: 34
GitHub Actions环境，不使用代理
当前版本: 3.4.1, 远程版本: 3.4.1
版本检查完成，当前为最新版本
当前北京时间: 2025-12-02 20:55:49
通知功能已启用，将发送通知
报告模式: daily
运行模式: 当日汇总模式（所有匹配新闻 + 新增新闻区域 + 按时推送）
配置的监控平台: ['华尔街见闻', '华尔街快讯', '华尔街最新', '财联社热门', '财联社电报', '财联社深度', '金十数据', '参考消息', '联合早报', '澎湃新闻', '快讯通', '卫星通讯社', '格隆汇', '雪球', 'IT之家', 'Solidot', 'Hacker News', 'GitHub趋势', '掘金', 'V2EX', 'ProductHunt', '百度热搜', '今日头条', '腾讯新闻', '凤凰网', 'MKT新闻', '靠谱新闻', '虫部落', '知乎热榜', 'B站热搜', '抖音', '微博', '贴吧', '虎扑']
开始爬取数据，请求间隔 1800 毫秒
获取 wallstreetcn-hot 成功（最新数据）
获取 wallstreetcn-quick 成功（缓存数据）
获取 wallstreetcn-news 成功（最新数据）
获取 cls-hot 成功（缓存数据）
获取 cls-telegraph 成功（缓存数据）
获取 cls-depth 成功（缓存数据）
获取 jin10 成功（缓存数据）
获取 cankaoxiaoxi 成功（最新数据）
获取 zaobao 成功（最新数据）
获取 thepaper 成功（最新数据）
获取 fastbull 成功（缓存数据）
获取 sputniknewscn 成功（缓存数据）
获取 gelonghui 成功（缓存数据）
获取 xueqiu 成功（缓存数据）
获取 ithome 成功（缓存数据）
获取 solidot 成功（最新数据）
获取 hackernews 成功（缓存数据）
获取 github 成功（缓存数据）
获取 juejin 成功（缓存数据）
获取 v2ex 成功（缓存数据）
获取 producthunt 成功（缓存数据）
获取 baidu 成功（最新数据）
获取 toutiao 成功（最新数据）
获取 tencent-hot 成功（最新数据）
获取 ifeng 成功（缓存数据）
获取 mktnews 成功（最新数据）
获取 kaopu 成功（最新数据）
获取 chongbuluo 成功（最新数据）
获取 zhihu 成功（缓存数据）
获取 bilibili-hot-search 成功（缓存数据）
获取 douyin 成功（缓存数据）
获取 weibo 成功（缓存数据）
获取 tieba 成功（最新数据）
获取 hupu 成功（最新数据）
成功: ['wallstreetcn-hot', 'wallstreetcn-quick', 'wallstreetcn-news', 'cls-hot', 'cls-telegraph', 'cls-depth', 'jin10', 'cankaoxiaoxi', 'zaobao', 'thepaper', 'fastbull', 'sputniknewscn', 'gelonghui', 'xueqiu', 'ithome', 'solidot', 'hackernews', 'github', 'juejin', 'v2ex', 'producthunt', 'baidu', 'toutiao', 'tencent-hot', 'ifeng', 'mktnews', 'kaopu', 'chongbuluo', 'zhihu', 'bilibili-hot-search', 'douyin', 'weibo', 'tieba', 'hupu'], 失败: []
标题已保存到: output/2025年12月02日/txt/20时57分.txt
当日汇总模式：处理 811 条新闻，模式：频率词过滤
HTML报告已生成: output/2025年12月02日/html/20时57分.html
生成当日汇总报告...
当前监控平台: ['wallstreetcn-hot', 'wallstreetcn-quick', 'wallstreetcn-news', 'cls-hot', 'cls-telegraph', 'cls-depth', 'jin10', 'cankaoxiaoxi', 'zaobao', 'thepaper', 'fastbull', 'sputniknewscn', 'gelonghui', 'xueqiu', 'ithome', 'solidot', 'hackernews', 'github', 'juejin', 'v2ex', 'producthunt', 'baidu', 'toutiao', 'tencent-hot', 'ifeng', 'mktnews', 'kaopu', 'chongbuluo', 'zhihu', 'bilibili-hot-search', 'douyin', 'weibo', 'tieba', 'hupu']
读取到 2568 个标题（已按当前监控平台过滤）
当日汇总模式：处理 2568 条新闻，模式：频率词过滤
当日汇总报告已生成: output/2025年12月02日/html/当日汇总.html
飞书消息分为 2 批次发送 [当日汇总]
发送飞书第 1/2 批次，大小：34955 字节 [当日汇总]
飞书第 1/2 批次发送成功 [当日汇总]
发送飞书第 2/2 批次，大小：4531 字节 [当日汇总]
飞书第 2/2 批次发送成功 [当日汇总]
飞书所有 2 批次发送完成 [当日汇总]
钉钉消息分为 2 批次发送 [当日汇总]
发送钉钉第 1/2 批次，大小：19690 字节 [当日汇总]
钉钉第 1/2 批次发送出错 [当日汇总]：Invalid URL '${{ secrets.DINGTALK_WEBHOOK_URL }}': No scheme supplied. Perhaps you meant https://${{ secrets.DINGTALK_WEBHOOK_URL }}?
企业微信使用 markdown 格式（群机器人模式）[当日汇总]
企业微信消息分为 7 批次发送 [当日汇总]
发送企业微信第 1/7 批次，大小：4250 字节 [当日汇总]
企业微信第 1/7 批次发送出错 [当日汇总]：Invalid URL '${{ secrets.WEWORK_WEBHOOK_URL }}': No scheme supplied. Perhaps you meant https://${{ secrets.WEWORK_WEBHOOK_URL }}?
Telegram消息分为 7 批次发送 [当日汇总]
发送Telegram第 1/7 批次，大小：4810 字节 [当日汇总]
Telegram第 1/7 批次发送失败 [当日汇总]，状态码：404
ntfy消息分为 8 批次发送 [当日汇总]
ntfy将按反向顺序推送（最后批次先推送），确保客户端显示顺序正确
发送ntfy第 8/8 批次（推送顺序: 1/8），大小：2220 字节 [当日汇总]
ntfy第 8/8 批次发送失败 [当日汇总]，状态码：401
错误详情：{"code":40101,"http":401,"error":"unauthorized","link":"https://ntfy.sh/docs/publish/#authentication"}

发送ntfy第 7/8 批次（推送顺序: 2/8），大小：3735 字节 [当日汇总]
ntfy第 7/8 批次发送失败 [当日汇总]，状态码：401
错误详情：{"code":40101,"http":401,"error":"unauthorized","link":"https://ntfy.sh/docs/publish/#authentication"}

发送ntfy第 6/8 批次（推送顺序: 3/8），大小：3534 字节 [当日汇总]
ntfy第 6/8 批次发送失败 [当日汇总]，状态码：401
错误详情：{"code":40101,"http":401,"error":"unauthorized","link":"https://ntfy.sh/docs/publish/#authentication"}

发送ntfy第 5/8 批次（推送顺序: 4/8），大小：3733 字节 [当日汇总]
ntfy第 5/8 批次发送失败 [当日汇总]，状态码：401
错误详情：{"code":40101,"http":401,"error":"unauthorized","link":"https://ntfy.sh/docs/publish/#authentication"}

发送ntfy第 4/8 批次（推送顺序: 5/8），大小：3789 字节 [当日汇总]
ntfy第 4/8 批次发送失败 [当日汇总]，状态码：401
错误详情：{"code":40101,"http":401,"error":"unauthorized","link":"https://ntfy.sh/docs/publish/#authentication"}

发送ntfy第 3/8 批次（推送顺序: 6/8），大小：3730 字节 [当日汇总]
ntfy第 3/8 批次发送失败 [当日汇总]，状态码：401
错误详情：{"code":40101,"http":401,"error":"unauthorized","link":"https://ntfy.sh/docs/publish/#authentication"}

发送ntfy第 2/8 批次（推送顺序: 7/8），大小：3635 字节 [当日汇总]
ntfy第 2/8 批次发送失败 [当日汇总]，状态码：401
错误详情：{"code":40101,"http":401,"error":"unauthorized","link":"https://ntfy.sh/docs/publish/#authentication"}

发送ntfy第 1/8 批次（推送顺序: 8/8），大小：3670 字节 [当日汇总]
ntfy第 1/8 批次发送失败 [当日汇总]，状态码：401
错误详情：{"code":40101,"http":401,"error":"unauthorized","link":"https://ntfy.sh/docs/publish/#authentication"}

ntfy发送完全失败 [当日汇总]
Bark消息分为 9 批次发送 [当日汇总]
Bark将按反向顺序推送（最后批次先推送），确保客户端显示顺序正确
发送Bark第 9/9 批次（推送顺序: 1/9），大小：965 字节 [当日汇总]
Bark第 9/9 批次发送异常 [当日汇总]：No connection adapters were found for ':///push'
发送Bark第 8/9 批次（推送顺序: 2/9），大小：3438 字节 [当日汇总]
Bark第 8/9 批次发送异常 [当日汇总]：No connection adapters were found for ':///push'
发送Bark第 7/9 批次（推送顺序: 3/9），大小：3482 字节 [当日汇总]
Bark第 7/9 批次发送异常 [当日汇总]：No connection adapters were found for ':///push'
发送Bark第 6/9 批次（推送顺序: 4/9），大小：3416 字节 [当日汇总]
Bark第 6/9 批次发送异常 [当日汇总]：No connection adapters were found for ':///push'
发送Bark第 5/9 批次（推送顺序: 5/9），大小：3411 字节 [当日汇总]
Bark第 5/9 批次发送异常 [当日汇总]：No connection adapters were found for ':///push'
发送Bark第 4/9 批次（推送顺序: 6/9），大小：3523 字节 [当日汇总]
Bark第 4/9 批次发送异常 [当日汇总]：No connection adapters were found for ':///push'
发送Bark第 3/9 批次（推送顺序: 7/9），大小：3421 字节 [当日汇总]
Bark第 3/9 批次发送异常 [当日汇总]：No connection adapters were found for ':///push'
发送Bark第 2/9 批次（推送顺序: 8/9），大小：3551 字节 [当日汇总]
Bark第 2/9 批次发送异常 [当日汇总]：No connection adapters were found for ':///push'
发送Bark第 1/9 批次（推送顺序: 9/9），大小：3434 字节 [当日汇总]
Bark第 1/9 批次发送异常 [当日汇总]：No connection adapters were found for ':///push'
Bark发送完全失败 [当日汇总]
Slack消息分为 8 批次发送 [当日汇总]
发送Slack第 1/8 批次，大小：3830 字节 [当日汇总]
Slack第 1/8 批次发送出错 [当日汇总]：Invalid URL '${{ secrets.SLACK_WEBHOOK_URL }}': No scheme supplied. Perhaps you meant https://${{ secrets.SLACK_WEBHOOK_URL }}?
正在加载配置...
配置文件加载成功: config/config.yaml
通知渠道配置来源: 飞书(环境变量), 钉钉(配置文件), 企业微信(配置文件), Telegram(配置文件/配置文件), ntfy(配置文件), Bark(配置文件), Slack(配置文件)
TrendRadar v3.4.1 配置加载完成
监控平台数量: 34
GitHub Actions环境，不使用代理
当前版本: 3.4.1, 远程版本: 3.4.1
版本检查完成，当前为最新版本
当前北京时间: 2025-12-03 20:56:12
通知功能已启用，将发送通知
报告模式: daily
运行模式: 当日汇总模式（所有匹配新闻 + 新增新闻区域 + 按时推送）
配置的监控平台: ['华尔街见闻', '华尔街快讯', '华尔街最新', '财联社热门', '财联社电报', '财联社深度', '金十数据', '参考消息', '联合早报', '澎湃新闻', '快讯通', '卫星通讯社', '格隆汇', '雪球', 'IT之家', 'Solidot', 'Hacker News', 'GitHub趋势', '掘金', 'V2EX', 'ProductHunt', '百度热搜', '今日头条', '腾讯新闻', '凤凰网', 'MKT新闻', '靠谱新闻', '虫部落', '知乎热榜', 'B站热搜', '抖音', '微博', '贴吧', '虎扑']
开始爬取数据，请求间隔 1800 毫秒
获取 wallstreetcn-hot 成功（最新数据）
获取 wallstreetcn-quick 成功（缓存数据）
获取 wallstreetcn-news 成功（最新数据）
获取 cls-hot 成功（最新数据）
获取 cls-telegraph 成功（缓存数据）
获取 cls-depth 成功（最新数据）
获取 jin10 成功（最新数据）
获取 cankaoxiaoxi 成功（最新数据）
获取 zaobao 成功（最新数据）
获取 thepaper 成功（最新数据）
获取 fastbull 成功（缓存数据）
获取 sputniknewscn 成功（缓存数据）
获取 gelonghui 成功（缓存数据）
获取 xueqiu 成功（缓存数据）
获取 ithome 成功（最新数据）
获取 solidot 成功（最新数据）
获取 hackernews 成功（最新数据）
获取 github 成功（缓存数据）
获取 juejin 成功（缓存数据）
获取 v2ex 成功（缓存数据）
获取 producthunt 成功（最新数据）
获取 baidu 成功（缓存数据）
获取 toutiao 成功（缓存数据）
获取 tencent-hot 成功（最新数据）
获取 ifeng 成功（缓存数据）
获取 mktnews 成功（最新数据）
获取 kaopu 成功（最新数据）
获取 chongbuluo 成功（最新数据）
获取 zhihu 成功（缓存数据）
获取 bilibili-hot-search 成功（缓存数据）
获取 douyin 成功（缓存数据）
获取 weibo 成功（缓存数据）
获取 tieba 成功（缓存数据）
获取 hupu 成功（缓存数据）
成功: ['wallstreetcn-hot', 'wallstreetcn-quick', 'wallstreetcn-news', 'cls-hot', 'cls-telegraph', 'cls-depth', 'jin10', 'cankaoxiaoxi', 'zaobao', 'thepaper', 'fastbull', 'sputniknewscn', 'gelonghui', 'xueqiu', 'ithome', 'solidot', 'hackernews', 'github', 'juejin', 'v2ex', 'producthunt', 'baidu', 'toutiao', 'tencent-hot', 'ifeng', 'mktnews', 'kaopu', 'chongbuluo', 'zhihu', 'bilibili-hot-search', 'douyin', 'weibo', 'tieba', 'hupu'], 失败: []
标题已保存到: output/2025年12月03日/txt/20时57分.txt
当日汇总模式：处理 800 条新闻，模式：频率词过滤
HTML报告已生成: output/2025年12月03日/html/20时57分.html
生成当日汇总报告...
当前监控平台: ['wallstreetcn-hot', 'wallstreetcn-quick', 'wallstreetcn-news', 'cls-hot', 'cls-telegraph', 'cls-depth', 'jin10', 'cankaoxiaoxi', 'zaobao', 'thepaper', 'fastbull', 'sputniknewscn', 'gelonghui', 'xueqiu', 'ithome', 'solidot', 'hackernews', 'github', 'juejin', 'v2ex', 'producthunt', 'baidu', 'toutiao', 'tencent-hot', 'ifeng', 'mktnews', 'kaopu', 'chongbuluo', 'zhihu', 'bilibili-hot-search', 'douyin', 'weibo', 'tieba', 'hupu']
读取到 4046 个标题（已按当前监控平台过滤）
当日汇总模式：处理 4046 条新闻，模式：频率词过滤
当日汇总报告已生成: output/2025年12月03日/html/当日汇总.html
飞书消息分为 2 批次发送 [当日汇总]
发送飞书第 1/2 批次，大小：34963 字节 [当日汇总]
飞书第 1/2 批次发送成功 [当日汇总]
发送飞书第 2/2 批次，大小：8982 字节 [当日汇总]
飞书第 2/2 批次发送成功 [当日汇总]
飞书所有 2 批次发送完成 [当日汇总]
钉钉消息分为 2 批次发送 [当日汇总]
发送钉钉第 1/2 批次，大小：19877 字节 [当日汇总]
钉钉第 1/2 批次发送出错 [当日汇总]：Invalid URL '${{ secrets.DINGTALK_WEBHOOK_URL }}': No scheme supplied. Perhaps you meant https://${{ secrets.DINGTALK_WEBHOOK_URL }}?
企业微信使用 markdown 格式（群机器人模式）[当日汇总]
企业微信消息分为 8 批次发送 [当日汇总]
发送企业微信第 1/8 批次，大小：4388 字节 [当日汇总]
企业微信第 1/8 批次发送出错 [当日汇总]：Invalid URL '${{ secrets.WEWORK_WEBHOOK_URL }}': No scheme supplied. Perhaps you meant https://${{ secrets.WEWORK_WEBHOOK_URL }}?
Telegram消息分为 8 批次发送 [当日汇总]
发送Telegram第 1/8 批次，大小：4948 字节 [当日汇总]
Telegram第 1/8 批次发送失败 [当日汇总]，状态码：404
ntfy消息分为 9 批次发送 [当日汇总]
ntfy将按反向顺序推送（最后批次先推送），确保客户端显示顺序正确
发送ntfy第 9/9 批次（推送顺序: 1/9），大小：2264 字节 [当日汇总]
ntfy第 9/9 批次发送失败 [当日汇总]，状态码：401
错误详情：{"code":40101,"http":401,"error":"unauthorized","link":"https://ntfy.sh/docs/publish/#authentication"}

发送ntfy第 8/9 批次（推送顺序: 2/9），大小：3707 字节 [当日汇总]
ntfy第 8/9 批次发送失败 [当日汇总]，状态码：401
错误详情：{"code":40101,"http":401,"error":"unauthorized","link":"https://ntfy.sh/docs/publish/#authentication"}

发送ntfy第 7/9 批次（推送顺序: 3/9），大小：3682 字节 [当日汇总]
ntfy第 7/9 批次发送失败 [当日汇总]，状态码：401
错误详情：{"code":40101,"http":401,"error":"unauthorized","link":"https://ntfy.sh/docs/publish/#authentication"}

发送ntfy第 6/9 批次（推送顺序: 4/9），大小：3654 字节 [当日汇总]
ntfy第 6/9 批次发送失败 [当日汇总]，状态码：401
错误详情：{"code":40101,"http":401,"error":"unauthorized","link":"https://ntfy.sh/docs/publish/#authentication"}

发送ntfy第 5/9 批次（推送顺序: 5/9），大小：3625 字节 [当日汇总]
ntfy第 5/9 批次发送失败 [当日汇总]，状态码：401
错误详情：{"code":40101,"http":401,"error":"unauthorized","link":"https://ntfy.sh/docs/publish/#authentication"}

发送ntfy第 4/9 批次（推送顺序: 6/9），大小：3785 字节 [当日汇总]
ntfy第 4/9 批次发送失败 [当日汇总]，状态码：401
错误详情：{"code":40101,"http":401,"error":"unauthorized","link":"https://ntfy.sh/docs/publish/#authentication"}

发送ntfy第 3/9 批次（推送顺序: 7/9），大小：3603 字节 [当日汇总]
ntfy第 3/9 批次发送失败 [当日汇总]，状态码：401
错误详情：{"code":40101,"http":401,"error":"unauthorized","link":"https://ntfy.sh/docs/publish/#authentication"}

发送ntfy第 2/9 批次（推送顺序: 8/9），大小：3786 字节 [当日汇总]
ntfy第 2/9 批次发送失败 [当日汇总]，状态码：401
错误详情：{"code":40101,"http":401,"error":"unauthorized","link":"https://ntfy.sh/docs/publish/#authentication"}

发送ntfy第 1/9 批次（推送顺序: 9/9），大小：3765 字节 [当日汇总]
ntfy第 1/9 批次发送失败 [当日汇总]，状态码：401
错误详情：{"code":40101,"http":401,"error":"unauthorized","link":"https://ntfy.sh/docs/publish/#authentication"}

ntfy发送完全失败 [当日汇总]
Bark消息分为 10 批次发送 [当日汇总]
Bark将按反向顺序推送（最后批次先推送），确保客户端显示顺序正确
发送Bark第 10/10 批次（推送顺序: 1/10），大小：1085 字节 [当日汇总]
Bark第 10/10 批次发送异常 [当日汇总]：No connection adapters were found for ':///push'
发送Bark第 9/10 批次（推送顺序: 2/10），大小：3561 字节 [当日汇总]
Bark第 9/10 批次发送异常 [当日汇总]：No connection adapters were found for ':///push'
发送Bark第 8/10 批次（推送顺序: 3/10），大小：3596 字节 [当日汇总]
Bark第 8/10 批次发送异常 [当日汇总]：No connection adapters were found for ':///push'
发送Bark第 7/10 批次（推送顺序: 4/10），大小：3526 字节 [当日汇总]
Bark第 7/10 批次发送异常 [当日汇总]：No connection adapters were found for ':///push'
发送Bark第 6/10 批次（推送顺序: 5/10），大小：3494 字节 [当日汇总]
Bark第 6/10 批次发送异常 [当日汇总]：No connection adapters were found for ':///push'
发送Bark第 5/10 批次（推送顺序: 6/10），大小：3465 字节 [当日汇总]
Bark第 5/10 批次发送异常 [当日汇总]：No connection adapters were found for ':///push'
发送Bark第 4/10 批次（推送顺序: 7/10），大小：3480 字节 [当日汇总]
Bark第 4/10 批次发送异常 [当日汇总]：No connection adapters were found for ':///push'
发送Bark第 3/10 批次（推送顺序: 8/10），大小：3455 字节 [当日汇总]
Bark第 3/10 批次发送异常 [当日汇总]：No connection adapters were found for ':///push'
发送Bark第 2/10 批次（推送顺序: 9/10），大小：3049 字节 [当日汇总]
Bark第 2/10 批次发送异常 [当日汇总]：No connection adapters were found for ':///push'
发送Bark第 1/10 批次（推送顺序: 10/10），大小：2951 字节 [当日汇总]
Bark第 1/10 批次发送异常 [当日汇总]：No connection adapters were found for ':///push'
Bark发送完全失败 [当日汇总]
Slack消息分为 10 批次发送 [当日汇总]
发送Slack第 1/10 批次，大小：3921 字节 [当日汇总]
Slack第 1/10 批次发送出错 [当日汇总]：Invalid URL '${{ secrets.SLACK_WEBHOOK_URL }}': No scheme supplied. Perhaps you meant https://${{ secrets.SLACK_WEBHOOK_URL }}?
正在加载配置...
配置文件加载成功: config/config.yaml
通知渠道配置来源: 飞书(环境变量), 钉钉(配置文件), 企业微信(配置文件), Telegram(配置文件/配置文件), ntfy(配置文件), Bark(配置文件), Slack(配置文件)
TrendRadar v3.4.1 配置加载完成
监控平台数量: 34
GitHub Actions环境，不使用代理
当前版本: 3.4.1, 远程版本: 3.5.0
发现新版本: 3.5.0 (当前: 3.4.1)
当前北京时间: 2025-12-04 20:56:12
通知功能已启用，将发送通知
报告模式: daily
运行模式: 当日汇总模式（所有匹配新闻 + 新增新闻区域 + 按时推送）
配置的监控平台: ['华尔街见闻', '华尔街快讯', '华尔街最新', '财联社热门', '财联社电报', '财联社深度', '金十数据', '参考消息', '联合早报', '澎湃新闻', '快讯通', '卫星通讯社', '格隆汇', '雪球', 'IT之家', 'Solidot', 'Hacker News', 'GitHub趋势', '掘金', 'V2EX', 'ProductHunt', '百度热搜', '今日头条', '腾讯新闻', '凤凰网', 'MKT新闻', '靠谱新闻', '虫部落', '知乎热榜', 'B站热搜', '抖音', '微博', '贴吧', '虎扑']
开始爬取数据，请求间隔 1800 毫秒
获取 wallstreetcn-hot 成功（最新数据）
获取 wallstreetcn-quick 成功（缓存数据）
获取 wallstreetcn-news 成功（最新数据）
获取 cls-hot 成功（缓存数据）
获取 cls-telegraph 成功（缓存数据）
获取 cls-depth 成功（缓存数据）
获取 jin10 成功（缓存数据）
获取 cankaoxiaoxi 成功（最新数据）
获取 zaobao 成功（最新数据）
获取 thepaper 成功（最新数据）
获取 fastbull 成功（缓存数据）
获取 sputniknewscn 成功（缓存数据）
获取 gelonghui 成功（缓存数据）
获取 xueqiu 成功（缓存数据）
获取 ithome 成功（缓存数据）
获取 solidot 成功（最新数据）
获取 hackernews 成功（缓存数据）
获取 github 成功（缓存数据）
获取 juejin 成功（缓存数据）
获取 v2ex 成功（缓存数据）
获取 producthunt 成功（缓存数据）
获取 baidu 成功（缓存数据）
获取 toutiao 成功（缓存数据）
获取 tencent-hot 成功（最新数据）
获取 ifeng 成功（缓存数据）
获取 mktnews 成功（最新数据）
获取 kaopu 成功（最新数据）
获取 chongbuluo 成功（最新数据）
获取 zhihu 成功（缓存数据）
获取 bilibili-hot-search 成功（最新数据）
获取 douyin 成功（缓存数据）
获取 weibo 成功（缓存数据）
获取 tieba 成功（缓存数据）
获取 hupu 成功（缓存数据）
成功: ['wallstreetcn-hot', 'wallstreetcn-quick', 'wallstreetcn-news', 'cls-hot', 'cls-telegraph', 'cls-depth', 'jin10', 'cankaoxiaoxi', 'zaobao', 'thepaper', 'fastbull', 'sputniknewscn', 'gelonghui', 'xueqiu', 'ithome', 'solidot', 'hackernews', 'github', 'juejin', 'v2ex', 'producthunt', 'baidu', 'toutiao', 'tencent-hot', 'ifeng', 'mktnews', 'kaopu', 'chongbuluo', 'zhihu', 'bilibili-hot-search', 'douyin', 'weibo', 'tieba', 'hupu'], 失败: []
标题已保存到: output/2025年12月04日/txt/20时57分.txt
当日汇总模式：处理 797 条新闻，模式：频率词过滤
HTML报告已生成: output/2025年12月04日/html/20时57分.html
生成当日汇总报告...
当前监控平台: ['wallstreetcn-hot', 'wallstreetcn-quick', 'wallstreetcn-news', 'cls-hot', 'cls-telegraph', 'cls-depth', 'jin10', 'cankaoxiaoxi', 'zaobao', 'thepaper', 'fastbull', 'sputniknewscn', 'gelonghui', 'xueqiu', 'ithome', 'solidot', 'hackernews', 'github', 'juejin', 'v2ex', 'producthunt', 'baidu', 'toutiao', 'tencent-hot', 'ifeng', 'mktnews', 'kaopu', 'chongbuluo', 'zhihu', 'bilibili-hot-search', 'douyin', 'weibo', 'tieba', 'hupu']
读取到 3984 个标题（已按当前监控平台过滤）
当日汇总模式：处理 3984 条新闻，模式：频率词过滤
当日汇总报告已生成: output/2025年12月04日/html/当日汇总.html
飞书消息分为 2 批次发送 [当日汇总]
发送飞书第 1/2 批次，大小：34914 字节 [当日汇总]
飞书第 1/2 批次发送成功 [当日汇总]
发送飞书第 2/2 批次，大小：1766 字节 [当日汇总]
飞书第 2/2 批次发送成功 [当日汇总]
飞书所有 2 批次发送完成 [当日汇总]
钉钉消息分为 2 批次发送 [当日汇总]
发送钉钉第 1/2 批次，大小：19832 字节 [当日汇总]
钉钉第 1/2 批次发送出错 [当日汇总]：Invalid URL '${{ secrets.DINGTALK_WEBHOOK_URL }}': No scheme supplied. Perhaps you meant https://${{ secrets.DINGTALK_WEBHOOK_URL }}?
企业微信使用 markdown 格式（群机器人模式）[当日汇总]
企业微信消息分为 6 批次发送 [当日汇总]
发送企业微信第 1/6 批次，大小：4908 字节 [当日汇总]
企业微信第 1/6 批次发送出错 [当日汇总]：Invalid URL '${{ secrets.WEWORK_WEBHOOK_URL }}': No scheme supplied. Perhaps you meant https://${{ secrets.WEWORK_WEBHOOK_URL }}?
Telegram消息分为 7 批次发送 [当日汇总]
发送Telegram第 1/7 批次，大小：4618 字节 [当日汇总]
Telegram第 1/7 批次发送失败 [当日汇总]，状态码：404
ntfy消息分为 8 批次发送 [当日汇总]
ntfy将按反向顺序推送（最后批次先推送），确保客户端显示顺序正确
发送ntfy第 8/8 批次（推送顺序: 1/8），大小：1633 字节 [当日汇总]
ntfy第 8/8 批次发送失败 [当日汇总]，状态码：401
错误详情：{"code":40101,"http":401,"error":"unauthorized","link":"https://ntfy.sh/docs/publish/#authentication"}

发送ntfy第 7/8 批次（推送顺序: 2/8），大小：3701 字节 [当日汇总]
ntfy第 7/8 批次发送失败 [当日汇总]，状态码：401
错误详情：{"code":40101,"http":401,"error":"unauthorized","link":"https://ntfy.sh/docs/publish/#authentication"}

发送ntfy第 6/8 批次（推送顺序: 3/8），大小：3479 字节 [当日汇总]
ntfy第 6/8 批次发送失败 [当日汇总]，状态码：401
错误详情：{"code":40101,"http":401,"error":"unauthorized","link":"https://ntfy.sh/docs/publish/#authentication"}

发送ntfy第 5/8 批次（推送顺序: 4/8），大小：3735 字节 [当日汇总]
ntfy第 5/8 批次发送失败 [当日汇总]，状态码：401
错误详情：{"code":40101,"http":401,"error":"unauthorized","link":"https://ntfy.sh/docs/publish/#authentication"}

发送ntfy第 4/8 批次（推送顺序: 5/8），大小：3710 字节 [当日汇总]
ntfy第 4/8 批次发送失败 [当日汇总]，状态码：401
错误详情：{"code":40101,"http":401,"error":"unauthorized","link":"https://ntfy.sh/docs/publish/#authentication"}

发送ntfy第 3/8 批次（推送顺序: 6/8），大小：3593 字节 [当日汇总]
ntfy第 3/8 批次发送失败 [当日汇总]，状态码：401
错误详情：{"code":40101,"http":401,"error":"unauthorized","link":"https://ntfy.sh/docs/publish/#authentication"}

发送ntfy第 2/8 批次（推送顺序: 7/8），大小：3620 字节 [当日汇总]
ntfy第 2/8 批次发送失败 [当日汇总]，状态码：401
错误详情：{"code":40101,"http":401,"error":"unauthorized","link":"https://ntfy.sh/docs/publish/#authentication"}

发送ntfy第 1/8 批次（推送顺序: 8/8），大小：3703 字节 [当日汇总]
ntfy第 1/8 批次发送失败 [当日汇总]，状态码：401
错误详情：{"code":40101,"http":401,"error":"unauthorized","link":"https://ntfy.sh/docs/publish/#authentication"}

ntfy发送完全失败 [当日汇总]
Bark消息分为 8 批次发送 [当日汇总]
Bark将按反向顺序推送（最后批次先推送），确保客户端显示顺序正确
发送Bark第 8/8 批次（推送顺序: 1/8），大小：3218 字节 [当日汇总]
Bark第 8/8 批次发送异常 [当日汇总]：No connection adapters were found for ':///push'
发送Bark第 7/8 批次（推送顺序: 2/8），大小：3512 字节 [当日汇总]
Bark第 7/8 批次发送异常 [当日汇总]：No connection adapters were found for ':///push'
发送Bark第 6/8 批次（推送顺序: 3/8），大小：3492 字节 [当日汇总]
Bark第 6/8 批次发送异常 [当日汇总]：No connection adapters were found for ':///push'
发送Bark第 5/8 批次（推送顺序: 4/8），大小：3529 字节 [当日汇总]
Bark第 5/8 批次发送异常 [当日汇总]：No connection adapters were found for ':///push'
发送Bark第 4/8 批次（推送顺序: 5/8），大小：3284 字节 [当日汇总]
Bark第 4/8 批次发送异常 [当日汇总]：No connection adapters were found for ':///push'
发送Bark第 3/8 批次（推送顺序: 6/8），大小：3412 字节 [当日汇总]
Bark第 3/8 批次发送异常 [当日汇总]：No connection adapters were found for ':///push'
发送Bark第 2/8 批次（推送顺序: 7/8），大小：3491 字节 [当日汇总]
Bark第 2/8 批次发送异常 [当日汇总]：No connection adapters were found for ':///push'
发送Bark第 1/8 批次（推送顺序: 8/8），大小：3553 字节 [当日汇总]
Bark第 1/8 批次发送异常 [当日汇总]：No connection adapters were found for ':///push'
Bark发送完全失败 [当日汇总]
Slack消息分为 8 批次发送 [当日汇总]
发送Slack第 1/8 批次，大小：3893 字节 [当日汇总]
Slack第 1/8 批次发送出错 [当日汇总]：Invalid URL '${{ secrets.SLACK_WEBHOOK_URL }}': No scheme supplied. Perhaps you meant https://${{ secrets.SLACK_WEBHOOK_URL }}?
正在加载配置...
配置文件加载成功: config/config.yaml
通知渠道配置来源: 飞书(环境变量), 钉钉(配置文件), 企业微信(配置文件), Telegram(配置文件/配置文件), ntfy(配置文件), Bark(配置文件), Slack(配置文件)
TrendRadar v3.4.1 配置加载完成
监控平台数量: 34
GitHub Actions环境，不使用代理
当前版本: 3.4.1, 远程版本: 3.5.0
发现新版本: 3.5.0 (当前: 3.4.1)
当前北京时间: 2025-12-05 20:53:17
通知功能已启用，将发送通知
报告模式: daily
运行模式: 当日汇总模式（所有匹配新闻 + 新增新闻区域 + 按时推送）
配置的监控平台: ['华尔街见闻', '华尔街快讯', '华尔街最新', '财联社热门', '财联社电报', '财联社深度', '金十数据', '参考消息', '联合早报', '澎湃新闻', '快讯通', '卫星通讯社', '格隆汇', '雪球', 'IT之家', 'Solidot', 'Hacker News', 'GitHub趋势', '掘金', 'V2EX', 'ProductHunt', '百度热搜', '今日头条', '腾讯新闻', '凤凰网', 'MKT新闻', '靠谱新闻', '虫部落', '知乎热榜', 'B站热搜', '抖音', '微博', '贴吧', '虎扑']
开始爬取数据，请求间隔 1800 毫秒
获取 wallstreetcn-hot 成功（最新数据）
获取 wallstreetcn-quick 成功（缓存数据）
获取 wallstreetcn-news 成功（最新数据）
获取 cls-hot 成功（缓存数据）
获取 cls-telegraph 成功（缓存数据）
获取 cls-depth 成功（缓存数据）
获取 jin10 成功（最新数据）
获取 cankaoxiaoxi 成功（最新数据）
获取 zaobao 成功（最新数据）
获取 thepaper 成功（最新数据）
获取 fastbull 成功（缓存数据）
获取 sputniknewscn 成功（缓存数据）
获取 gelonghui 成功（缓存数据）
获取 xueqiu 成功（缓存数据）
获取 ithome 成功（缓存数据）
获取 solidot 成功（最新数据）
获取 hackernews 成功（缓存数据）
获取 github 成功（缓存数据）
获取 juejin 成功（最新数据）
获取 v2ex 成功（缓存数据）
获取 producthunt 成功（缓存数据）
获取 baidu 成功（最新数据）
获取 toutiao 成功（最新数据）
获取 tencent-hot 成功（最新数据）
获取 ifeng 成功（最新数据）
获取 mktnews 成功（最新数据）
获取 kaopu 成功（最新数据）
获取 chongbuluo 成功（最新数据）
获取 zhihu 成功（最新数据）
获取 bilibili-hot-search 成功（缓存数据）
获取 douyin 成功（缓存数据）
获取 weibo 成功（缓存数据）
获取 tieba 成功（最新数据）
获取 hupu 成功（最新数据）
成功: ['wallstreetcn-hot', 'wallstreetcn-quick', 'wallstreetcn-news', 'cls-hot', 'cls-telegraph', 'cls-depth', 'jin10', 'cankaoxiaoxi', 'zaobao', 'thepaper', 'fastbull', 'sputniknewscn', 'gelonghui', 'xueqiu', 'ithome', 'solidot', 'hackernews', 'github', 'juejin', 'v2ex', 'producthunt', 'baidu', 'toutiao', 'tencent-hot', 'ifeng', 'mktnews', 'kaopu', 'chongbuluo', 'zhihu', 'bilibili-hot-search', 'douyin', 'weibo', 'tieba', 'hupu'], 失败: []
标题已保存到: output/2025年12月05日/txt/20时54分.txt
当日汇总模式：处理 800 条新闻，模式：频率词过滤
HTML报告已生成: output/2025年12月05日/html/20时54分.html
生成当日汇总报告...
当前监控平台: ['wallstreetcn-hot', 'wallstreetcn-quick', 'wallstreetcn-news', 'cls-hot', 'cls-telegraph', 'cls-depth', 'jin10', 'cankaoxiaoxi', 'zaobao', 'thepaper', 'fastbull', 'sputniknewscn', 'gelonghui', 'xueqiu', 'ithome', 'solidot', 'hackernews', 'github', 'juejin', 'v2ex', 'producthunt', 'baidu', 'toutiao', 'tencent-hot', 'ifeng', 'mktnews', 'kaopu', 'chongbuluo', 'zhihu', 'bilibili-hot-search', 'douyin', 'weibo', 'tieba', 'hupu']
读取到 4015 个标题（已按当前监控平台过滤）
当日汇总模式：处理 4015 条新闻，模式：频率词过滤
当日汇总报告已生成: output/2025年12月05日/html/当日汇总.html
飞书消息分为 2 批次发送 [当日汇总]
发送飞书第 1/2 批次，大小：34959 字节 [当日汇总]
飞书第 1/2 批次发送成功 [当日汇总]
发送飞书第 2/2 批次，大小：2043 字节 [当日汇总]
飞书第 2/2 批次发送成功 [当日汇总]
飞书所有 2 批次发送完成 [当日汇总]
钉钉消息分为 2 批次发送 [当日汇总]
发送钉钉第 1/2 批次，大小：19918 字节 [当日汇总]
钉钉第 1/2 批次发送出错 [当日汇总]：Invalid URL '${{ secrets.DINGTALK_WEBHOOK_URL }}': No scheme supplied. Perhaps you meant https://${{ secrets.DINGTALK_WEBHOOK_URL }}?
企业微信使用 markdown 格式（群机器人模式）[当日汇总]
企业微信消息分为 6 批次发送 [当日汇总]
发送企业微信第 1/6 批次，大小：4403 字节 [当日汇总]
企业微信第 1/6 批次发送出错 [当日汇总]：Invalid URL '${{ secrets.WEWORK_WEBHOOK_URL }}': No scheme supplied. Perhaps you meant https://${{ secrets.WEWORK_WEBHOOK_URL }}?
Telegram消息分为 7 批次发送 [当日汇总]
发送Telegram第 1/7 批次，大小：4953 字节 [当日汇总]
Telegram第 1/7 批次发送失败 [当日汇总]，状态码：404
ntfy消息分为 8 批次发送 [当日汇总]
ntfy将按反向顺序推送（最后批次先推送），确保客户端显示顺序正确
发送ntfy第 8/8 批次（推送顺序: 1/8），大小：1021 字节 [当日汇总]
ntfy第 8/8 批次发送失败 [当日汇总]，状态码：401
错误详情：{"code":40101,"http":401,"error":"unauthorized","link":"https://ntfy.sh/docs/publish/#authentication"}

发送ntfy第 7/8 批次（推送顺序: 2/8），大小：3795 字节 [当日汇总]
ntfy第 7/8 批次发送失败 [当日汇总]，状态码：401
错误详情：{"code":40101,"http":401,"error":"unauthorized","link":"https://ntfy.sh/docs/publish/#authentication"}

发送ntfy第 6/8 批次（推送顺序: 3/8），大小：3787 字节 [当日汇总]
ntfy第 6/8 批次发送失败 [当日汇总]，状态码：401
错误详情：{"code":40101,"http":401,"error":"unauthorized","link":"https://ntfy.sh/docs/publish/#authentication"}

发送ntfy第 5/8 批次（推送顺序: 4/8），大小：3591 字节 [当日汇总]
ntfy第 5/8 批次发送失败 [当日汇总]，状态码：401
错误详情：{"code":40101,"http":401,"error":"unauthorized","link":"https://ntfy.sh/docs/publish/#authentication"}

发送ntfy第 4/8 批次（推送顺序: 5/8），大小：3611 字节 [当日汇总]
ntfy第 4/8 批次发送失败 [当日汇总]，状态码：401
错误详情：{"code":40101,"http":401,"error":"unauthorized","link":"https://ntfy.sh/docs/publish/#authentication"}

发送ntfy第 3/8 批次（推送顺序: 6/8），大小：3528 字节 [当日汇总]
ntfy第 3/8 批次发送失败 [当日汇总]，状态码：401
错误详情：{"code":40101,"http":401,"error":"unauthorized","link":"https://ntfy.sh/docs/publish/#authentication"}

发送ntfy第 2/8 批次（推送顺序: 7/8），大小：3789 字节 [当日汇总]
ntfy第 2/8 批次发送失败 [当日汇总]，状态码：401
错误详情：{"code":40101,"http":401,"error":"unauthorized","link":"https://ntfy.sh/docs/publish/#authentication"}

发送ntfy第 1/8 批次（推送顺序: 8/8），大小：3748 字节 [当日汇总]
ntfy第 1/8 批次发送失败 [当日汇总]，状态码：401
错误详情：{"code":40101,"http":401,"error":"unauthorized","link":"https://ntfy.sh/docs/publish/#authentication"}

ntfy发送完全失败 [当日汇总]
Bark消息分为 8 批次发送 [当日汇总]
Bark将按反向顺序推送（最后批次先推送），确保客户端显示顺序正确
发送Bark第 8/8 批次（推送顺序: 1/8），大小：3278 字节 [当日汇总]
Bark第 8/8 批次发送异常 [当日汇总]：No connection adapters were found for ':///push'
发送Bark第 7/8 批次（推送顺序: 2/8），大小：3566 字节 [当日汇总]
Bark第 7/8 批次发送异常 [当日汇总]：No connection adapters were found for ':///push'
发送Bark第 6/8 批次（推送顺序: 3/8），大小：3260 字节 [当日汇总]
Bark第 6/8 批次发送异常 [当日汇总]：No connection adapters were found for ':///push'
发送Bark第 5/8 批次（推送顺序: 4/8），大小：3580 字节 [当日汇总]
Bark第 5/8 批次发送异常 [当日汇总]：No connection adapters were found for ':///push'
发送Bark第 4/8 批次（推送顺序: 5/8），大小：3464 字节 [当日汇总]
Bark第 4/8 批次发送异常 [当日汇总]：No connection adapters were found for ':///push'
发送Bark第 3/8 批次（推送顺序: 6/8），大小：3591 字节 [当日汇总]
Bark第 3/8 批次发送异常 [当日汇总]：No connection adapters were found for ':///push'
发送Bark第 2/8 批次（推送顺序: 7/8），大小：3571 字节 [当日汇总]
Bark第 2/8 批次发送异常 [当日汇总]：No connection adapters were found for ':///push'
发送Bark第 1/8 批次（推送顺序: 8/8），大小：2975 字节 [当日汇总]
Bark第 1/8 批次发送异常 [当日汇总]：No connection adapters were found for ':///push'
Bark发送完全失败 [当日汇总]
Slack消息分为 8 批次发送 [当日汇总]
发送Slack第 1/8 批次，大小：3882 字节 [当日汇总]
Slack第 1/8 批次发送出错 [当日汇总]：Invalid URL '${{ secrets.SLACK_WEBHOOK_URL }}': No scheme supplied. Perhaps you meant https://${{ secrets.SLACK_WEBHOOK_URL }}?
