正在加载配置...
配置文件加载成功: config/config.yaml
通知渠道配置来源: 飞书(环境变量)
TrendRadar v3.4.1 配置加载完成
监控平台数量: 23
GitHub Actions环境，不使用代理
当前版本: 3.4.1, 远程版本: 3.4.1
版本检查完成，当前为最新版本
当前北京时间: 2025-12-02 17:32:53
通知功能已启用，将发送通知
报告模式: current
运行模式: 当前榜单模式（当前榜单匹配新闻 + 新增新闻区域 + 按时推送）
配置的监控平台: ['华尔街见闻', '华尔街快讯', '财联社热门', '财联社电报', '财联社深度', '金十数据', '快讯通', '格隆汇', '联合早报', '参考消息', 'IT之家', 'Hacker News', 'GitHub', 'Solidot', '微博', '知乎', 'B站热搜', '抖音', '百度热搜', '今日头条', '腾讯新闻', '澎湃新闻', '凤凰网']
开始爬取数据，请求间隔 1200 毫秒
获取 wallstreetcn-hot 成功（最新数据）
获取 wallstreetcn-quick 成功（最新数据）
获取 cls-hot 成功（最新数据）
获取 cls-telegraph 成功（最新数据）
获取 cls-depth 成功（最新数据）
获取 jin10 成功（最新数据）
获取 fastbull 成功（缓存数据）
获取 gelonghui 成功（缓存数据）
获取 zaobao 成功（最新数据）
获取 cankaoxiaoxi 成功（最新数据）
获取 ithome 成功（最新数据）
获取 hackernews 成功（最新数据）
获取 github 成功（最新数据）
获取 solidot 成功（最新数据）
获取 weibo 成功（缓存数据）
获取 zhihu 成功（最新数据）
获取 bilibili-hot-search 成功（缓存数据）
获取 douyin 成功（缓存数据）
获取 baidu 成功（最新数据）
获取 toutiao 成功（最新数据）
获取 tencent-hot 成功（最新数据）
获取 thepaper 成功（最新数据）
获取 ifeng 成功（最新数据）
成功: ['wallstreetcn-hot', 'wallstreetcn-quick', 'cls-hot', 'cls-telegraph', 'cls-depth', 'jin10', 'fastbull', 'gelonghui', 'zaobao', 'cankaoxiaoxi', 'ithome', 'hackernews', 'github', 'solidot', 'weibo', 'zhihu', 'bilibili-hot-search', 'douyin', 'baidu', 'toutiao', 'tencent-hot', 'thepaper', 'ifeng'], 失败: []
标题已保存到: output/2025年12月02日/txt/17时33分.txt
当前监控平台: ['wallstreetcn-hot', 'wallstreetcn-quick', 'cls-hot', 'cls-telegraph', 'cls-depth', 'jin10', 'fastbull', 'gelonghui', 'zaobao', 'cankaoxiaoxi', 'ithome', 'hackernews', 'github', 'solidot', 'weibo', 'zhihu', 'bilibili-hot-search', 'douyin', 'baidu', 'toutiao', 'tencent-hot', 'thepaper', 'ifeng']
读取到 1321 个标题（已按当前监控平台过滤）
current模式：使用过滤后的历史数据，包含平台：['wallstreetcn-hot', 'cls-hot', 'jin10', 'thepaper', 'cankaoxiaoxi', 'ithome', 'weibo', 'zhihu', 'wallstreetcn-quick', 'cls-telegraph', 'cls-depth', 'fastbull', 'gelonghui', 'ifeng', 'zaobao', 'solidot', 'hackernews', 'github', 'bilibili-hot-search', 'douyin', 'toutiao', 'baidu', 'tencent-hot']
当前榜单模式：最新时间 17时33分，筛选出 536 条当前榜单新闻
当前榜单模式：536 条当前榜单新闻中有 240 条频率词匹配
HTML报告已生成: output/2025年12月02日/html/17时33分.html
飞书消息分为 1 批次发送 [实时当前榜单]
发送飞书第 1/1 批次，大小：3970 字节 [实时当前榜单]
飞书第 1/1 批次发送成功 [实时当前榜单]
飞书所有 1 批次发送完成 [实时当前榜单]
生成当前榜单汇总HTML...
当前监控平台: ['wallstreetcn-hot', 'wallstreetcn-quick', 'cls-hot', 'cls-telegraph', 'cls-depth', 'jin10', 'fastbull', 'gelonghui', 'zaobao', 'cankaoxiaoxi', 'ithome', 'hackernews', 'github', 'solidot', 'weibo', 'zhihu', 'bilibili-hot-search', 'douyin', 'baidu', 'toutiao', 'tencent-hot', 'thepaper', 'ifeng']
读取到 1321 个标题（已按当前监控平台过滤）
当前榜单模式：最新时间 17时33分，筛选出 536 条当前榜单新闻
当前榜单模式：536 条当前榜单新闻中有 240 条频率词匹配
当前榜单汇总HTML已生成: output/2025年12月02日/html/当前榜单汇总.html
